app_new/app_uidesign/build/app/intermediates/manifest_merge_blame_file/debug/manifest-merger-blame-debug-report.txt
1<?xml version="1.0" encoding="utf-8"?>
2<manifest xmlns:android="http://schemas.android.com/apk/res/android"
3    package="com.example.app_uidesign"
4    android:versionCode="1"
5    android:versionName="1.0.0" >
6
7    <uses-sdk
8        android:minSdkVersion="21"
9        android:targetSdkVersion="31" />
10    <!--
11         The INTERNET permission is required for development. Specifically,
12         the Flutter tool needs it to communicate with the running application
13         to allow setting breakpoints, to provide hot reload, etc.
14    -->
15    <uses-permission android:name="android.permission.INTERNET" />
15-->src\main\AndroidManifest.xml:4:5-66
15-->src\main\AndroidManifest.xml:4:22-64
16    <!-- required for API 18 - 30 -->
17    <uses-permission
17-->src\main\AndroidManifest.xml:7:5-9:38
18        android:name="android.permission.BLUETOOTH"
18-->src\main\AndroidManifest.xml:8:9-52
19        android:maxSdkVersion="30" />
19-->src\main\AndroidManifest.xml:9:9-35
20    <uses-permission
20-->src\main\AndroidManifest.xml:10:5-12:38
21        android:name="android.permission.BLUETOOTH_ADMIN"
21-->src\main\AndroidManifest.xml:11:9-58
22        android:maxSdkVersion="30" /> <!-- required for API 23 - 30 -->
22-->src\main\AndroidManifest.xml:12:9-35
23    <uses-permission-sdk-23
23-->src\main\AndroidManifest.xml:15:5-17:38
24        android:name="android.permission.ACCESS_COARSE_LOCATION"
24-->src\main\AndroidManifest.xml:16:9-65
25        android:maxSdkVersion="30" />
25-->src\main\AndroidManifest.xml:17:9-35
26    <uses-permission-sdk-23
26-->src\main\AndroidManifest.xml:18:5-20:38
27        android:name="android.permission.ACCESS_FINE_LOCATION"
27-->src\main\AndroidManifest.xml:19:9-63
28        android:maxSdkVersion="30" /> <!-- API 31+ -->
28-->src\main\AndroidManifest.xml:20:9-35
29    <uses-permission android:name="android.permission.BLUETOOTH_CONNECT" />
29-->src\main\AndroidManifest.xml:23:5-76
29-->src\main\AndroidManifest.xml:23:22-73
30    <uses-permission
30-->src\main\AndroidManifest.xml:24:5-26:58
31        android:name="android.permission.BLUETOOTH_SCAN"
31-->src\main\AndroidManifest.xml:25:9-57
32        android:usesPermissionFlags="neverForLocation" />
32-->src\main\AndroidManifest.xml:26:9-55
33
34    <application
35        android:name="android.app.Application"
36        android:appComponentFactory="androidx.core.app.CoreComponentFactory"
36-->[androidx.core:core:1.6.0] AndroidManifest.xml:24:18-86
37        android:debuggable="true"
38        android:icon="@mipmap/ic_launcher"
39        android:label="app_uidesign" >
40        <activity
41            android:name="com.example.app_uidesign.MainActivity"
42            android:configChanges="orientation|keyboardHidden|keyboard|screenSize|smallestScreenSize|locale|layoutDirection|fontScale|screenLayout|density|uiMode"
43            android:exported="true"
44            android:hardwareAccelerated="true"
45            android:launchMode="singleTop"
46            android:theme="@style/LaunchTheme"
47            android:windowSoftInputMode="adjustResize" >
48
49            <!--
50                 Specifies an Android theme to apply to this Activity as soon as
51                 the Android process has started. This theme is visible to the user
52                 while the Flutter UI initializes. After that, this theme continues
53                 to determine the Window background behind the Flutter UI.
54            -->
55            <meta-data
56                android:name="io.flutter.embedding.android.NormalTheme"
57                android:resource="@style/NormalTheme" />
58
59            <intent-filter>
60                <action android:name="android.intent.action.MAIN" />
61
62                <category android:name="android.intent.category.LAUNCHER" />
63            </intent-filter>
64        </activity>
65        <!--
66             Don't delete the meta-data below.
67             This is used by the Flutter tool to generate GeneratedPluginRegistrant.java
68        -->
69        <meta-data
70            android:name="flutterEmbedding"
71            android:value="2" />
72
73        <uses-library
73-->[androidx.window:window:1.0.0-beta04] AndroidManifest.xml:25:9-27:40
74            android:name="androidx.window.extensions"
74-->[androidx.window:window:1.0.0-beta04] AndroidManifest.xml:26:13-54
75            android:required="false" />
75-->[androidx.window:window:1.0.0-beta04] AndroidManifest.xml:27:13-37
76        <uses-library
76-->[androidx.window:window:1.0.0-beta04] AndroidManifest.xml:28:9-30:40
77            android:name="androidx.window.sidecar"
77-->[androidx.window:window:1.0.0-beta04] AndroidManifest.xml:29:13-51
78            android:required="false" />
78-->[androidx.window:window:1.0.0-beta04] AndroidManifest.xml:30:13-37
79    </application>
80
81</manifest>